<?xml version="1.0" encoding="UTF-8"?>
<!-- Generated by org.testng.reporters.JUnitReportReporter -->
<testsuite skipped="0" hostname="mypc" name="com.inetBanking.testCases.TC_AddCustomer_003" tests="1" failures="0" timestamp="15 May 2021 06:27:45 GMT" time="12.908" errors="0">
  <testcase name="addNewcustomer" time="12.908" classname="com.inetBanking.testCases.TC_AddCustomer_003"/>
</testsuite> <!-- com.inetBanking.testCases.TC_AddCustomer_003 -->
