<?xml version="1.0" encoding="UTF-8"?>
<!-- Generated by org.testng.reporters.JUnitReportReporter -->
<testsuite skipped="0" hostname="mypc" name="com.inetBanking.testCases.TC_LoginTest_001" tests="1" failures="0" timestamp="15 May 2021 06:06:42 GMT" time="4.585" errors="0">
  <testcase name="loginTest" time="4.585" classname="com.inetBanking.testCases.TC_LoginTest_001"/>
</testsuite> <!-- com.inetBanking.testCases.TC_LoginTest_001 -->
