<?xml version="1.0" encoding="UTF-8"?>
<!-- Generated by org.testng.reporters.JUnitReportReporter -->
<testsuite skipped="0" hostname="mypc" name="com.inetBanking.testCases.TC_LoginTest_001" tests="1" failures="0" timestamp="14 May 2021 07:15:59 GMT" time="9.212" errors="0">
  <testcase name="loginTest" time="9.212" classname="com.inetBanking.testCases.TC_LoginTest_001"/>
</testsuite> <!-- com.inetBanking.testCases.TC_LoginTest_001 -->
