<?xml version="1.0" encoding="UTF-8"?>
<!-- Generated by org.testng.reporters.JUnitReportReporter -->
<testsuite skipped="0" hostname="mypc" name="com.inetBanking.testCases.TC_LoginTest_001" tests="1" failures="0" timestamp="09 May 2021 11:57:55 GMT" time="7.949" errors="0">
  <testcase name="loginTest" time="7.949" classname="com.inetBanking.testCases.TC_LoginTest_001"/>
</testsuite> <!-- com.inetBanking.testCases.TC_LoginTest_001 -->
