<?xml version="1.0" encoding="UTF-8"?>
<!-- Generated by org.testng.reporters.JUnitReportReporter -->
<testsuite skipped="1" hostname="mypc" name="com.inetBanking.testCases.TC_LoginDDT_002" tests="1" failures="0" timestamp="15 May 2021 06:27:45 GMT" time="0.000" errors="0">
  <testcase name="loginDDT" time="0.000" classname="com.inetBanking.testCases.TC_LoginDDT_002">
    <skipped/>
  </testcase> <!-- loginDDT -->
</testsuite> <!-- com.inetBanking.testCases.TC_LoginDDT_002 -->
